<?xml version="1.0" encoding="UTF-8"?>
<!-- Generated by org.testng.reporters.JUnitReportReporter -->
<testsuite hostname="MT-534B2B3" failures="0" tests="1" name="TestCaseRunner.i_SocialBloggerIconTC" time="12.244" errors="0" timestamp="2022-01-18T16:25:26 IST" skipped="0">
  <testcase classname="TestCaseRunner.i_SocialBloggerIconTC" name="Social_Handle_Bloogger_TC" time="12.244"/>
  <system-out/>
</testsuite> <!-- TestCaseRunner.i_SocialBloggerIconTC -->
