<?xml version="1.0" encoding="UTF-8"?>
<!-- Generated by org.testng.reporters.JUnitReportReporter -->
<testsuite hostname="MT-534B2B3" failures="0" tests="1" name="Arjun.ValidateNavigationBar" time="0.672" errors="0" timestamp="2022-01-13T15:18:07 IST" skipped="0">
  <testcase classname="Arjun.ValidateNavigationBar" name="NavigationBarValidation" time="0.672"/>
  <system-out/>
</testsuite> <!-- Arjun.ValidateNavigationBar -->
