<?xml version="1.0" encoding="UTF-8"?>
<!-- Generated by org.testng.reporters.JUnitReportReporter -->
<testsuite hostname="MT-534B2B3" failures="0" tests="1" name="TestCaseRunner.e_FeaturedInTestRunTC" time="57.836" errors="0" timestamp="2022-01-18T16:25:26 IST" skipped="0">
  <testcase classname="TestCaseRunner.e_FeaturedInTestRunTC" name="Featured_In_TC" time="57.836"/>
  <system-out/>
</testsuite> <!-- TestCaseRunner.e_FeaturedInTestRunTC -->
