<?xml version="1.0" encoding="UTF-8"?>
<!-- Generated by org.testng.reporters.JUnitReportReporter -->
<testsuite hostname="MT-534B2B3" failures="0" tests="1" name="TestCaseRunner.ServiceOneWayTest" time="7.447" errors="0" timestamp="2022-01-15T09:27:13 IST" skipped="0">
  <testcase classname="TestCaseRunner.ServiceOneWayTest" name="MainHomePage" time="7.447"/>
  <system-out/>
</testsuite> <!-- TestCaseRunner.ServiceOneWayTest -->
