<?xml version="1.0" encoding="UTF-8"?>
<!-- Generated by org.testng.reporters.JUnitReportReporter -->
<testsuite hostname="MT-534B2B3" failures="0" tests="2" name="TestCaseRunner.d_AirportCarBookingTC" time="39.648" errors="0" timestamp="2022-01-18T16:25:26 IST" skipped="0">
  <testcase classname="TestCaseRunner.d_AirportCarBookingTC" name="Airport_Car_Booking_TC" time="19.355"/>
  <system-out/>
  <testcase classname="TestCaseRunner.d_AirportCarBookingTC" name="Airport_Car_Booking_TC" time="20.293"/>
  <system-out/>
</testsuite> <!-- TestCaseRunner.d_AirportCarBookingTC -->
