<?xml version="1.0" encoding="UTF-8"?>
<!-- Generated by org.testng.reporters.JUnitReportReporter -->
<testsuite hostname="MT-534B2B3" failures="0" tests="1" name="TestCaseRunner.f_AboutUsDetailsTC" time="1.608" errors="0" timestamp="2022-01-18T16:25:26 IST" skipped="0">
  <testcase classname="TestCaseRunner.f_AboutUsDetailsTC" name="About_US_TC" time="1.608"/>
  <system-out/>
</testsuite> <!-- TestCaseRunner.f_AboutUsDetailsTC -->
