<?xml version="1.0" encoding="UTF-8"?>
<!-- Generated by org.testng.reporters.JUnitReportReporter -->
<testsuite hostname="MT-534B2B3" failures="0" tests="1" name="TestCaseRunner.AboutUsDetails" time="1.392" errors="0" timestamp="2022-01-15T07:54:06 IST" skipped="0">
  <testcase classname="TestCaseRunner.AboutUsDetails" name="MainHomePage" time="1.392"/>
  <system-out/>
</testsuite> <!-- TestCaseRunner.AboutUsDetails -->
