<?xml version="1.0" encoding="UTF-8"?>
<!-- Generated by org.testng.reporters.JUnitReportReporter -->
<testsuite hostname="MT-534B2B3" failures="0" tests="1" name="TestCaseRunner.j_CarRentalInCityTC" time="2.672" errors="0" timestamp="2022-01-18T16:25:26 IST" skipped="0">
  <testcase classname="TestCaseRunner.j_CarRentalInCityTC" name="Car_Rental_In_City_TC" time="2.672"/>
  <system-out/>
</testsuite> <!-- TestCaseRunner.j_CarRentalInCityTC -->
