<?xml version="1.0" encoding="UTF-8"?>
<!-- Generated by org.testng.reporters.JUnitReportReporter -->
<testsuite hostname="MT-534B2B3" failures="0" tests="1" name="TestCaseRunner.h_ContactUsTC" time="3.571" errors="0" timestamp="2022-01-18T16:25:26 IST" skipped="0">
  <testcase classname="TestCaseRunner.h_ContactUsTC" name="Contact_US_TC" time="3.571"/>
  <system-out/>
</testsuite> <!-- TestCaseRunner.h_ContactUsTC -->
