<?xml version="1.0" encoding="UTF-8"?>
<!-- Generated by org.testng.reporters.JUnitReportReporter -->
<testsuite hostname="Tronner" failures="0" tests="2" name="cucumberOption.TestRunnerTestng" time="12.112" errors="0" timestamp="2022-01-03T12:17:57 IST" skipped="0">
  <testcase classname="cucumberOption.TestRunnerTestng" name="runScenario" time="5.180"/>
  <system-out/>
  <testcase classname="cucumberOption.TestRunnerTestng" name="runScenario" time="6.932"/>
  <system-out/>
</testsuite> <!-- cucumberOption.TestRunnerTestng -->
