<?xml version="1.0" encoding="UTF-8"?>
<!-- Generated by org.testng.reporters.JUnitReportReporter -->
<testsuite hostname="MT-534B2B3" failures="0" tests="2" name="TestCaseRunner.a_SignInWithDetailsTC" time="8.403" errors="0" timestamp="2022-01-18T16:25:26 IST" skipped="0">
  <testcase classname="TestCaseRunner.a_SignInWithDetailsTC" name="Sign_In_With_Wrong_Details_TC" time="5.730"/>
  <system-out/>
  <testcase classname="TestCaseRunner.a_SignInWithDetailsTC" name="Sign_In_With_Wrong_Details_TC" time="2.673"/>
  <system-out/>
</testsuite> <!-- TestCaseRunner.a_SignInWithDetailsTC -->
