<?xml version="1.0" encoding="UTF-8"?>
<!-- Generated by org.testng.reporters.JUnitReportReporter -->
<testsuite hostname="MT-534B2B3" failures="0" tests="1" name="TestCaseRunner.c_LocalCarBookingTC" time="5.250" errors="0" timestamp="2022-01-18T16:25:26 IST" skipped="0">
  <testcase classname="TestCaseRunner.c_LocalCarBookingTC" name="Local_Car_Booking_TC" time="5.250"/>
  <system-out/>
</testsuite> <!-- TestCaseRunner.c_LocalCarBookingTC -->
