<?xml version="1.0" encoding="UTF-8"?>
<!-- Generated by org.testng.reporters.JUnitReportReporter -->
<testsuite hostname="MT-534B2B3" failures="0" tests="1" name="TestCaseRunner.b_OutstationCarBookingTC" time="7.699" errors="0" timestamp="2022-01-18T16:25:26 IST" skipped="0">
  <testcase classname="TestCaseRunner.b_OutstationCarBookingTC" name="Out_Station_CarBooking_TC" time="7.699"/>
  <system-out/>
</testsuite> <!-- TestCaseRunner.b_OutstationCarBookingTC -->
