<?xml version="1.0" encoding="UTF-8"?>
<!-- Generated by org.testng.reporters.JUnitReportReporter -->
<testsuite hostname="MT-534B2B3" failures="0" tests="1" name="TestCaseRunner.g_ServiceOneWayTC" time="6.799" errors="0" timestamp="2022-01-18T16:25:26 IST" skipped="0">
  <testcase classname="TestCaseRunner.g_ServiceOneWayTC" name="Service_One_Way_TC" time="6.799"/>
  <system-out/>
</testsuite> <!-- TestCaseRunner.g_ServiceOneWayTC -->
