<?xml version="1.0" encoding="UTF-8"?>
<!-- Generated by org.testng.reporters.JUnitReportReporter -->
<testsuite hostname="MT-534B2B3" failures="0" tests="12" name="Common_TestCaseRunner_SecondMethod.Common_Runner" time="237.537" errors="0" timestamp="2022-01-18T12:59:56 IST" skipped="0">
  <testcase classname="Common_TestCaseRunner_SecondMethod.Common_Runner" name="Sign_In_With_Wrong_Details_TC" time="9.153"/>
  <system-out/>
  <testcase classname="Common_TestCaseRunner_SecondMethod.Common_Runner" name="Sign_In_With_Wrong_Details_TC" time="9.702"/>
  <system-out/>
  <testcase classname="Common_TestCaseRunner_SecondMethod.Common_Runner" name="Out_Station_CarBooking_TC" time="16.140"/>
  <system-out/>
  <testcase classname="Common_TestCaseRunner_SecondMethod.Common_Runner" name="Local_Car_Booking_TC" time="11.507"/>
  <system-out/>
  <testcase classname="Common_TestCaseRunner_SecondMethod.Common_Runner" name="Airport_Car_Booking_TC" time="33.015"/>
  <system-out/>
  <testcase classname="Common_TestCaseRunner_SecondMethod.Common_Runner" name="Airport_Car_Booking_TC" time="31.333"/>
  <system-out/>
  <testcase classname="Common_TestCaseRunner_SecondMethod.Common_Runner" name="Featured_In_TC" time="26.426"/>
  <system-out/>
  <testcase classname="Common_TestCaseRunner_SecondMethod.Common_Runner" name="About_US_TC" time="13.458"/>
  <system-out/>
  <testcase classname="Common_TestCaseRunner_SecondMethod.Common_Runner" name="Service_One_Way_TC" time="19.950"/>
  <system-out/>
  <testcase classname="Common_TestCaseRunner_SecondMethod.Common_Runner" name="Contact_US_TC" time="15.822"/>
  <system-out/>
  <testcase classname="Common_TestCaseRunner_SecondMethod.Common_Runner" name="Social_Handle_Bloogger_TC" time="38.470"/>
  <system-out/>
  <testcase classname="Common_TestCaseRunner_SecondMethod.Common_Runner" name="Car_Rental_In_City_TC" time="12.561"/>
  <system-out/>
</testsuite> <!-- Common_TestCaseRunner_SecondMethod.Common_Runner -->
