<?xml version="1.0" encoding="UTF-8"?>
<!-- Generated by org.testng.reporters.JUnitReportReporter -->
<testsuite hostname="MT-534B2B3" failures="0" tests="12" name="TestCaseRunner.Common_Runner" time="153.870" errors="0" timestamp="2022-01-17T08:21:38 IST" skipped="0">
  <testcase classname="TestCaseRunner.Common_Runner" name="Sign_In_With_Wrong_Details_TC" time="6.374"/>
  <system-out/>
  <testcase classname="TestCaseRunner.Common_Runner" name="Sign_In_With_Wrong_Details_TC" time="8.489"/>
  <system-out/>
  <testcase classname="TestCaseRunner.Common_Runner" name="Out_Station_CarBooking_TC" time="13.456"/>
  <system-out/>
  <testcase classname="TestCaseRunner.Common_Runner" name="Car_Rental_In_City_TC" time="7.320"/>
  <system-out/>
  <testcase classname="TestCaseRunner.Common_Runner" name="Airport_Car_Booking_TC" time="23.816"/>
  <system-out/>
  <testcase classname="TestCaseRunner.Common_Runner" name="Airport_Car_Booking_TC" time="23.186"/>
  <system-out/>
  <testcase classname="TestCaseRunner.Common_Runner" name="Featured_In_TC" time="15.775"/>
  <system-out/>
  <testcase classname="TestCaseRunner.Common_Runner" name="About_US_TC" time="7.255"/>
  <system-out/>
  <testcase classname="TestCaseRunner.Common_Runner" name="Service_One_Way_TC" time="12.017"/>
  <system-out/>
  <testcase classname="TestCaseRunner.Common_Runner" name="Contact_US_TC" time="8.187"/>
  <system-out/>
  <testcase classname="TestCaseRunner.Common_Runner" name="Social_Handle_Bloogger_TC" time="18.498"/>
  <system-out/>
  <testcase classname="TestCaseRunner.Common_Runner" name="Car_Rental_In_City_from_TC" time="9.497"/>
  <system-out/>
</testsuite> <!-- TestCaseRunner.Common_Runner -->
