<?xml version="1.0" encoding="UTF-8"?>
<!-- Generated by org.testng.reporters.JUnitReportReporter -->
<testsuite hostname="MT-534B2B3" failures="0" tests="12" name="cucumberOption.TestRunnerTestng" time="214.846" errors="0" timestamp="2022-01-18T16:36:47 IST" skipped="0">
  <testcase classname="cucumberOption.TestRunnerTestng" name="runScenario" time="11.892"/>
  <system-out/>
  <testcase classname="cucumberOption.TestRunnerTestng" name="runScenario" time="17.279"/>
  <system-out/>
  <testcase classname="cucumberOption.TestRunnerTestng" name="runScenario" time="6.577"/>
  <system-out/>
  <testcase classname="cucumberOption.TestRunnerTestng" name="runScenario" time="13.971"/>
  <system-out/>
  <testcase classname="cucumberOption.TestRunnerTestng" name="runScenario" time="10.233"/>
  <system-out/>
  <testcase classname="cucumberOption.TestRunnerTestng" name="runScenario" time="8.296"/>
  <system-out/>
  <testcase classname="cucumberOption.TestRunnerTestng" name="runScenario" time="23.396"/>
  <system-out/>
  <testcase classname="cucumberOption.TestRunnerTestng" name="runScenario" time="22.648"/>
  <system-out/>
  <testcase classname="cucumberOption.TestRunnerTestng" name="runScenario" time="9.296"/>
  <system-out/>
  <testcase classname="cucumberOption.TestRunnerTestng" name="runScenario" time="6.915"/>
  <system-out/>
  <testcase classname="cucumberOption.TestRunnerTestng" name="runScenario" time="6.244"/>
  <system-out/>
  <testcase classname="cucumberOption.TestRunnerTestng" name="runScenario" time="78.099"/>
  <system-out/>
</testsuite> <!-- cucumberOption.TestRunnerTestng -->
