<?xml version="1.0" encoding="UTF-8"?>
<!-- Generated by org.testng.reporters.JUnitReportReporter -->
<testsuite hostname="MT-534B2B3" failures="0" tests="1" name="TestCaseRunner.ContactUsTC" time="5.644" errors="0" timestamp="2022-01-14T18:39:05 IST" skipped="0">
  <testcase classname="TestCaseRunner.ContactUsTC" name="NavigationBarValidation" time="5.644"/>
  <system-out/>
</testsuite> <!-- TestCaseRunner.ContactUsTC -->
