<?xml version="1.0" encoding="UTF-8"?>
<!-- Generated by org.testng.reporters.JUnitReportReporter -->
<testsuite hostname="MT-534B2B3" failures="0" tests="1" name="TestCaseRunner.d_AirportCarBookingTC" time="16.914" errors="0" timestamp="2022-01-15T11:33:34 IST" skipped="0">
  <testcase classname="TestCaseRunner.d_AirportCarBookingTC" name="MainHomePage" time="16.914"/>
  <system-out/>
</testsuite> <!-- TestCaseRunner.d_AirportCarBookingTC -->
