<?xml version="1.0" encoding="UTF-8"?>
<!-- Generated by org.testng.reporters.JUnitReportReporter -->
<testsuite hostname="MT-534B2B3" failures="0" tests="1" name="TestCaseRunner.f_AboutUsDetailsTC" time="1.752" errors="0" timestamp="2022-01-15T11:34:55 IST" skipped="0">
  <testcase classname="TestCaseRunner.f_AboutUsDetailsTC" name="MainHomePage" time="1.752"/>
  <system-out/>
</testsuite> <!-- TestCaseRunner.f_AboutUsDetailsTC -->
