<?xml version="1.0" encoding="UTF-8"?>
<!-- Generated by org.testng.reporters.JUnitReportReporter -->
<testsuite hostname="MT-534B2B3" failures="0" tests="1" name="TestCaseRunner.OutstationCarBooking" time="6.520" errors="0" timestamp="2022-01-14T17:52:06 IST" skipped="0">
  <testcase classname="TestCaseRunner.OutstationCarBooking" name="MainHomePage" time="6.520"/>
  <system-out/>
</testsuite> <!-- TestCaseRunner.OutstationCarBooking -->
