<?xml version="1.0" encoding="UTF-8"?>
<!-- Generated by org.testng.reporters.JUnitReportReporter -->
<testsuite hostname="MT-534B2B3" failures="0" tests="1" name="TestCaseRunner.SignInWithDetails" time="0.914" errors="0" timestamp="2022-01-14T10:12:15 IST" skipped="0">
  <testcase classname="TestCaseRunner.SignInWithDetails" name="MainHomePage" time="0.914"/>
  <system-out/>
</testsuite> <!-- TestCaseRunner.SignInWithDetails -->
