<?xml version="1.0" encoding="UTF-8"?>
<!-- Generated by org.testng.reporters.JUnitReportReporter -->
<testsuite hostname="MT-534B2B3" failures="0" tests="1" name="TestCaseRunner.b_OutstationCarBookingTC" time="6.983" errors="0" timestamp="2022-01-15T11:00:42 IST" skipped="0">
  <testcase classname="TestCaseRunner.b_OutstationCarBookingTC" name="MainHomePage" time="6.983"/>
  <system-out/>
</testsuite> <!-- TestCaseRunner.b_OutstationCarBookingTC -->
