<?xml version="1.0" encoding="UTF-8"?>
<!-- Generated by org.testng.reporters.JUnitReportReporter -->
<testsuite hostname="MT-534B2B3" failures="0" tests="1" name="TestCaseRunner.AirportCarBooking" time="17.755" errors="0" timestamp="2022-01-14T12:37:22 IST" skipped="0">
  <testcase classname="TestCaseRunner.AirportCarBooking" name="MainHomePage" time="17.755"/>
  <system-out/>
</testsuite> <!-- TestCaseRunner.AirportCarBooking -->
