<?xml version="1.0" encoding="UTF-8"?>
<!-- Generated by org.testng.reporters.JUnitReportReporter -->
<testsuite hostname="MT-534B2B3" failures="0" tests="1" name="TestCaseRunner.LocalCarBooking" time="5.490" errors="0" timestamp="2022-01-14T09:44:01 IST" skipped="0">
  <testcase classname="TestCaseRunner.LocalCarBooking" name="NavigationBarValidation" time="5.490"/>
  <system-out/>
</testsuite> <!-- TestCaseRunner.LocalCarBooking -->
