<?xml version="1.0" encoding="UTF-8"?>
<!-- Generated by org.testng.reporters.JUnitReportReporter -->
<testsuite hostname="MT-534B2B3" failures="0" tests="1" name="TestCaseRunner.a_SignInWithDetailsTC" time="0.634" errors="0" timestamp="2022-01-15T11:02:25 IST" skipped="0">
  <testcase classname="TestCaseRunner.a_SignInWithDetailsTC" name="MainHomePage" time="0.634"/>
  <system-out/>
</testsuite> <!-- TestCaseRunner.a_SignInWithDetailsTC -->
