<?xml version="1.0" encoding="UTF-8"?>
<!-- Generated by org.testng.reporters.JUnitReportReporter -->
<testsuite hostname="MT-534B2B3" failures="0" tests="1" name="TestCaseRunner.e_FeaturedInTestRunTC" time="10.959" errors="0" timestamp="2022-01-15T11:34:32 IST" skipped="0">
  <testcase classname="TestCaseRunner.e_FeaturedInTestRunTC" name="NavigationBarValidation" time="10.959"/>
  <system-out/>
</testsuite> <!-- TestCaseRunner.e_FeaturedInTestRunTC -->
