<?xml version="1.0" encoding="UTF-8"?>
<!-- Generated by org.testng.reporters.JUnitReportReporter -->
<testsuite hostname="MT-534B2B3" failures="0" tests="1" name="TestCaseRunner.BloggerIconTC" time="24.040" errors="0" timestamp="2022-01-15T08:34:03 IST" skipped="0">
  <testcase classname="TestCaseRunner.BloggerIconTC" name="MainHomePage" time="24.040"/>
  <system-out/>
</testsuite> <!-- TestCaseRunner.BloggerIconTC -->
