<?xml version="1.0" encoding="UTF-8"?>
<!-- Generated by org.testng.reporters.JUnitReportReporter -->
<testsuite hostname="MT-534B2B3" failures="0" tests="1" name="TestCaseRunner.FeaturedInTestRun" time="13.407" errors="0" timestamp="2022-01-14T13:13:02 IST" skipped="0">
  <testcase classname="TestCaseRunner.FeaturedInTestRun" name="NavigationBarValidation" time="13.407"/>
  <system-out/>
</testsuite> <!-- TestCaseRunner.FeaturedInTestRun -->
